<?xml version="1.0" encoding="UTF-8"?>
<testng-results ignored="0" total="2" passed="2" failed="0" skipped="0">
  <reporter-output>
  </reporter-output>
  <suite started-at="2021-11-16T00:51:08 EST" name="Default suite" finished-at="2021-11-16T00:51:21 EST" duration-ms="12955">
    <groups>
    </groups>
    <test started-at="2021-11-16T00:51:08 EST" name="Default test" finished-at="2021-11-16T00:51:21 EST" duration-ms="12955">
      <class name="com.dev.tests.LandingPageTest">
        <test-method is-config="true" signature="setUP()[pri:0, instance:com.dev.tests.LandingPageTest@15c43bd9]" started-at="2021-11-16T00:51:08 EST" name="setUP" finished-at="2021-11-16T00:51:14 EST" duration-ms="6573" status="PASS">
          <reporter-output>
          </reporter-output>
        </test-method> <!-- setUP -->
        <test-method signature="enterLoginPageTest()[pri:0, instance:com.dev.tests.LandingPageTest@15c43bd9]" started-at="2021-11-16T00:51:14 EST" name="enterLoginPageTest" finished-at="2021-11-16T00:51:17 EST" duration-ms="2572" status="PASS">
          <reporter-output>
          </reporter-output>
        </test-method> <!-- enterLoginPageTest -->
        <test-method is-config="true" signature="tearDown()[pri:0, instance:com.dev.tests.LandingPageTest@15c43bd9]" started-at="2021-11-16T00:51:17 EST" name="tearDown" finished-at="2021-11-16T00:51:17 EST" duration-ms="55" status="PASS">
          <reporter-output>
          </reporter-output>
        </test-method> <!-- tearDown -->
        <test-method is-config="true" signature="setUP()[pri:0, instance:com.dev.tests.LandingPageTest@15c43bd9]" started-at="2021-11-16T00:51:17 EST" name="setUP" finished-at="2021-11-16T00:51:20 EST" duration-ms="3661" status="PASS">
          <reporter-output>
          </reporter-output>
        </test-method> <!-- setUP -->
        <test-method signature="landingPageTitleTest()[pri:0, instance:com.dev.tests.LandingPageTest@15c43bd9]" started-at="2021-11-16T00:51:20 EST" name="landingPageTitleTest" finished-at="2021-11-16T00:51:20 EST" duration-ms="7" status="PASS">
          <reporter-output>
          </reporter-output>
        </test-method> <!-- landingPageTitleTest -->
        <test-method is-config="true" signature="tearDown()[pri:0, instance:com.dev.tests.LandingPageTest@15c43bd9]" started-at="2021-11-16T00:51:20 EST" name="tearDown" finished-at="2021-11-16T00:51:21 EST" duration-ms="48" status="PASS">
          <reporter-output>
          </reporter-output>
        </test-method> <!-- tearDown -->
      </class> <!-- com.dev.tests.LandingPageTest -->
    </test> <!-- Default test -->
  </suite> <!-- Default suite -->
</testng-results>
